<?xml version="1.0" encoding="UTF-8"?>
<!-- Generated by org.testng.reporters.JUnitReportReporter -->
<testsuite hostname="srimokshams-MacBook-Air.local" failures="0" tests="1" name="extentreport.ext" time="9.835" errors="0" timestamp="2023-08-23T16:06:21 IST" skipped="0">
  <testcase classname="extentreport.ext" name="Tes1" time="9.835"/>
  <system-out/>
</testsuite> <!-- extentreport.ext -->
