<?xml version="1.0" encoding="UTF-8"?>
<!-- Generated by org.testng.reporters.JUnitReportReporter -->
<testsuite hostname="srimokshams-MacBook-Air.local" failures="0" tests="1" name="extentreport.demo2" time="0.411" errors="0" timestamp="2023-08-23T15:10:03 IST" skipped="0">
  <testcase classname="extentreport.demo2" name="Tes1" time="0.411"/>
  <system-out/>
</testsuite> <!-- extentreport.demo2 -->
